This is pdfTeX, Version 3.1415926-2.4-1.40.13 (TeX Live 2012) (format=pdflatex 2012.6.30)  20 SEP 2013 12:48
entering extended mode
 restricted \write18 enabled.
 file:line:error style messages enabled.
 %&-line parsing enabled.
**proposal-2013-rev4
(./proposal-2013-rev4
LaTeX2e <2011/06/27>
Babel <v3.8m> and hyphenation patterns for english, dumylang, nohyphenation, ge
rman-x-2012-05-30, ngerman-x-2012-05-30, afrikaans, ancientgreek, ibycus, arabi
c, armenian, basque, bulgarian, catalan, pinyin, coptic, croatian, czech, danis
h, dutch, ukenglish, usenglishmax, esperanto, estonian, ethiopic, farsi, finnis
h, french, friulan, galician, german, ngerman, swissgerman, monogreek, greek, h
ungarian, icelandic, assamese, bengali, gujarati, hindi, kannada, malayalam, ma
rathi, oriya, panjabi, tamil, telugu, indonesian, interlingua, irish, italian, 
kurmanji, latin, latvian, lithuanian, mongolian, mongolianlmc, bokmal, nynorsk,
 polish, portuguese, romanian, romansh, russian, sanskrit, serbian, serbianc, s
lovak, slovenian, spanish, swedish, turkish, turkmen, ukrainian, uppersorbian, 
welsh, loaded.
(/usr/local/texlive/2012/texmf-dist/tex/latex/base/article.cls
Document Class: article 2007/10/19 v1.4h Standard LaTeX document class
(/usr/local/texlive/2012/texmf-dist/tex/latex/base/size10.clo
File: size10.clo 2007/10/19 v1.4h Standard LaTeX file (size option)
)
\c@part=\count79
\c@section=\count80
\c@subsection=\count81
\c@subsubsection=\count82
\c@paragraph=\count83
\c@subparagraph=\count84
\c@figure=\count85
\c@table=\count86
\abovecaptionskip=\skip41
\belowcaptionskip=\skip42
\bibindent=\dimen102
)
(/usr/local/texlive/2012/texmf-dist/tex/latex/preprint/fullpage.sty
Package: fullpage 1999/02/23 1.1 (PWD)
\FP@margin=\skip43
)
(/usr/local/texlive/2012/texmf-dist/tex/latex/psnfss/palatino.sty
Package: palatino 2005/04/12 PSNFSS-v9.2a (SPQR) 
)
(/usr/local/texlive/2012/texmf-dist/tex/latex/amsfonts/amssymb.sty
Package: amssymb 2009/06/22 v3.00

(/usr/local/texlive/2012/texmf-dist/tex/latex/amsfonts/amsfonts.sty
Package: amsfonts 2009/06/22 v3.00 Basic AMSFonts support
\@emptytoks=\toks14
\symAMSa=\mathgroup4
\symAMSb=\mathgroup5
LaTeX Font Info:    Overwriting math alphabet `\mathfrak' in version `bold'
(Font)                  U/euf/m/n --> U/euf/b/n on input line 96.
))
(/usr/local/texlive/2012/texmf-dist/tex/latex/graphics/graphicx.sty
Package: graphicx 1999/02/16 v1.0f Enhanced LaTeX Graphics (DPC,SPQR)

(/usr/local/texlive/2012/texmf-dist/tex/latex/graphics/keyval.sty
Package: keyval 1999/03/16 v1.13 key=value parser (DPC)
\KV@toks@=\toks15
)
(/usr/local/texlive/2012/texmf-dist/tex/latex/graphics/graphics.sty
Package: graphics 2009/02/05 v1.0o Standard LaTeX Graphics (DPC,SPQR)

(/usr/local/texlive/2012/texmf-dist/tex/latex/graphics/trig.sty
Package: trig 1999/03/16 v1.09 sin cos tan (DPC)
)
(/usr/local/texlive/2012/texmf-dist/tex/latex/latexconfig/graphics.cfg
File: graphics.cfg 2010/04/23 v1.9 graphics configuration of TeX Live
)
Package graphics Info: Driver file: pdftex.def on input line 91.

(/usr/local/texlive/2012/texmf-dist/tex/latex/pdftex-def/pdftex.def
File: pdftex.def 2011/05/27 v0.06d Graphics/color for pdfTeX

(/usr/local/texlive/2012/texmf-dist/tex/generic/oberdiek/infwarerr.sty
Package: infwarerr 2010/04/08 v1.3 Providing info/warning/error messages (HO)
)
(/usr/local/texlive/2012/texmf-dist/tex/generic/oberdiek/ltxcmds.sty
Package: ltxcmds 2011/11/09 v1.22 LaTeX kernel commands for general use (HO)
)
\Gread@gobject=\count87
))
\Gin@req@height=\dimen103
\Gin@req@width=\dimen104
)
(/usr/local/texlive/2012/texmf-dist/tex/latex/graphics/epsfig.sty
Package: epsfig 1999/02/16 v1.7a (e)psfig emulation (SPQR)
\epsfxsize=\dimen105
\epsfysize=\dimen106
)
(/usr/local/texlive/2012/texmf-dist/tex/latex/graphics/color.sty
Package: color 2005/11/14 v1.0j Standard LaTeX Color (DPC)

(/usr/local/texlive/2012/texmf-dist/tex/latex/latexconfig/color.cfg
File: color.cfg 2007/01/18 v1.5 color configuration of teTeX/TeXLive
)
Package color Info: Driver file: pdftex.def on input line 130.
)
(/usr/local/texlive/2012/texmf-dist/tex/latex/oberdiek/epstopdf.sty
Package: epstopdf 2010/02/09 v2.5 Conversion with epstopdf on the fly (HO)

(/usr/local/texlive/2012/texmf-dist/tex/latex/oberdiek/epstopdf-base.sty
Package: epstopdf-base 2010/02/09 v2.5 Base part for package epstopdf

(/usr/local/texlive/2012/texmf-dist/tex/latex/oberdiek/grfext.sty
Package: grfext 2010/08/19 v1.1 Manage graphics extensions (HO)

(/usr/local/texlive/2012/texmf-dist/tex/generic/oberdiek/kvdefinekeys.sty
Package: kvdefinekeys 2011/04/07 v1.3 Define keys (HO)
))
(/usr/local/texlive/2012/texmf-dist/tex/latex/oberdiek/kvoptions.sty
Package: kvoptions 2011/06/30 v3.11 Key value format for package options (HO)

(/usr/local/texlive/2012/texmf-dist/tex/generic/oberdiek/kvsetkeys.sty
Package: kvsetkeys 2012/04/25 v1.16 Key value parser (HO)

(/usr/local/texlive/2012/texmf-dist/tex/generic/oberdiek/etexcmds.sty
Package: etexcmds 2011/02/16 v1.5 Avoid name clashes with e-TeX commands (HO)

(/usr/local/texlive/2012/texmf-dist/tex/generic/oberdiek/ifluatex.sty
Package: ifluatex 2010/03/01 v1.3 Provides the ifluatex switch (HO)
Package ifluatex Info: LuaTeX not detected.
)
Package etexcmds Info: Could not find \expanded.
(etexcmds)             That can mean that you are not using pdfTeX 1.50 or
(etexcmds)             that some package has redefined \expanded.
(etexcmds)             In the latter case, load this package earlier.
)))
(/usr/local/texlive/2012/texmf-dist/tex/generic/oberdiek/pdftexcmds.sty
Package: pdftexcmds 2011/11/29 v0.20 Utility functions of pdfTeX for LuaTeX (HO
)

(/usr/local/texlive/2012/texmf-dist/tex/generic/oberdiek/ifpdf.sty
Package: ifpdf 2011/01/30 v2.3 Provides the ifpdf switch (HO)
Package ifpdf Info: pdfTeX in PDF mode is detected.
)
Package pdftexcmds Info: LuaTeX not detected.
Package pdftexcmds Info: \pdf@primitive is available.
Package pdftexcmds Info: \pdf@ifprimitive is available.
Package pdftexcmds Info: \pdfdraftmode found.
)
Package grfext Info: Graphics extension search list:
(grfext)             [.png,.pdf,.jpg,.mps,.jpeg,.jbig2,.jb2,.PNG,.PDF,.JPG,.JPE
G,.JBIG2,.JB2,.eps]
(grfext)             \AppendGraphicsExtensions on input line 452.

(/usr/local/texlive/2012/texmf-dist/tex/latex/latexconfig/epstopdf-sys.cfg
File: epstopdf-sys.cfg 2010/07/13 v1.3 Configuration of (r)epstopdf for TeX Liv
e
)))
(/usr/local/texlive/2012/texmf-dist/tex/latex/tools/array.sty
Package: array 2008/09/09 v2.4c Tabular extension package (FMi)
\col@sep=\dimen107
\extrarowheight=\dimen108
\NC@list=\toks16
\extratabsurround=\skip44
\backup@length=\skip45
)
(/usr/local/texlive/2012/texmf-dist/tex/latex/tools/tabularx.sty
Package: tabularx 1999/01/07 v2.07 `tabularx' package (DPC)
\TX@col@width=\dimen109
\TX@old@table=\dimen110
\TX@old@col=\dimen111
\TX@target=\dimen112
\TX@delta=\dimen113
\TX@cols=\count88
\TX@ftn=\toks17
)
(/usr/local/texlive/2012/texmf-dist/tex/latex/url/url.sty
\Urlmuskip=\muskip10
Package: url 2006/04/12  ver 3.3  Verb mode for urls, etc.
)
(/usr/local/texlive/2012/texmf-dist/tex/latex/tree-dvips/lingmacros.sty
\c@enums=\count89
\widelabel=\dimen114
\c@tempcnt=\count90
\c@enumsi=\count91
\eeindent=\dimen115
)
(./proposal-2013-rev4.aux)
\openout1 = `proposal-2013-rev4.aux'.

LaTeX Font Info:    Checking defaults for OML/cmm/m/it on input line 65.
LaTeX Font Info:    ... okay on input line 65.
LaTeX Font Info:    Checking defaults for T1/cmr/m/n on input line 65.
LaTeX Font Info:    ... okay on input line 65.
LaTeX Font Info:    Checking defaults for OT1/cmr/m/n on input line 65.
LaTeX Font Info:    ... okay on input line 65.
LaTeX Font Info:    Checking defaults for OMS/cmsy/m/n on input line 65.
LaTeX Font Info:    ... okay on input line 65.
LaTeX Font Info:    Checking defaults for OMX/cmex/m/n on input line 65.
LaTeX Font Info:    ... okay on input line 65.
LaTeX Font Info:    Checking defaults for U/cmr/m/n on input line 65.
LaTeX Font Info:    ... okay on input line 65.
LaTeX Font Info:    Try loading font information for OT1+ppl on input line 65.

(/usr/local/texlive/2012/texmf-dist/tex/latex/psnfss/ot1ppl.fd
File: ot1ppl.fd 2001/06/04 font definitions for OT1/ppl.
)
(/usr/local/texlive/2012/texmf-dist/tex/context/base/supp-pdf.mkii
[Loading MPS to PDF converter (version 2006.09.02).]
\scratchcounter=\count92
\scratchdimen=\dimen116
\scratchbox=\box26
\nofMPsegments=\count93
\nofMParguments=\count94
\everyMPshowfont=\toks18
\MPscratchCnt=\count95
\MPscratchDim=\dimen117
\MPnumerator=\count96
\makeMPintoPDFobject=\count97
\everyMPtoPDFconversion=\toks19
)
LaTeX Font Info:    Font shape `OT1/ppl/bx/n' in size <17.28> not available
(Font)              Font shape `OT1/ppl/b/n' tried instead on input line 68.
LaTeX Font Info:    Font shape `OT1/ppl/bx/n' in size <12> not available
(Font)              Font shape `OT1/ppl/b/n' tried instead on input line 72.
LaTeX Font Info:    Font shape `OT1/ppl/bx/n' in size <14.4> not available
(Font)              Font shape `OT1/ppl/b/n' tried instead on input line 76.
LaTeX Font Info:    Font shape `OT1/ppl/bx/n' in size <10> not available
(Font)              Font shape `OT1/ppl/b/n' tried instead on input line 78.


LaTeX Warning: Citation `graesser1985implicit' on page D--1 undefined on input 
line 78.


LaTeX Warning: Citation `grice1975logic' on page D--1 undefined on input line 7
9.

LaTeX Font Info:    Try loading font information for OMS+ppl on input line 98.
(/usr/local/texlive/2012/texmf-dist/tex/latex/psnfss/omsppl.fd
File: omsppl.fd 
)
LaTeX Font Info:    Font shape `OMS/ppl/m/n' in size <10> not available
(Font)              Font shape `OMS/cmsy/m/n' tried instead on input line 98.
 [1

{/usr/local/texlive/2012/texmf-var/fonts/map/pdftex/updmap/pdftex.map}]

LaTeX Warning: Citation `dixon:91' on page D--2 undefined on input line 123.


LaTeX Warning: Citation `lyons:77' on page D--2 undefined on input line 123.


LaTeX Warning: Citation `raskin1995lexical' on page D--2 undefined on input lin
e 123.

LaTeX Font Info:    Try loading font information for U+msa on input line 123.
(/usr/local/texlive/2012/texmf-dist/tex/latex/amsfonts/umsa.fd
File: umsa.fd 2009/06/22 v3.00 AMS symbols A
)
LaTeX Font Info:    Try loading font information for U+msb on input line 123.

(/usr/local/texlive/2012/texmf-dist/tex/latex/amsfonts/umsb.fd
File: umsb.fd 2009/06/22 v3.00 AMS symbols B
)
LaTeX Font Info:    Font shape `OT1/ppl/bx/n' in size <8> not available
(Font)              Font shape `OT1/ppl/b/n' tried instead on input line 123.


LaTeX Warning: Citation `raskin1995lexical' on page D--2 undefined on input lin
e 123.


LaTeX Warning: Citation `amoia2006adjective' on page D--2 undefined on input li
ne 132.


LaTeX Warning: Citation `amoia2008test' on page D--2 undefined on input line 13
2.


LaTeX Warning: Citation `Kamp75twotheories' on page D--2 undefined on input lin
e 132.


LaTeX Warning: Citation `Kamp95prototypetheory' on page D--2 undefined on input
 line 132.


LaTeX Warning: Citation `amoia2006adjective' on page D--2 undefined on input li
ne 148.

[2]
Overfull \hbox (1.30006pt too wide) in paragraph at lines 156--156
[] []\OT1/ppl/m/n/10 Adjectives with clausal com-ple-ments: ad-jec-tives such a
s \OT1/ppl/m/it/10 an-noy-ing \OT1/ppl/m/n/10 and \OT1/ppl/m/it/10 nice\OT1/ppl
/m/n/10 , when gov-ern-ing clausal
 []


LaTeX Warning: Citation `dagan+glickman+magnini:2005' on page D--3 undefined on
 input line 163.


LaTeX Warning: Citation `clark2007role' on page D--3 undefined on input line 17
1.


LaTeX Warning: Citation `clark2008augmenting' on page D--3 undefined on input l
ine 171.


LaTeX Warning: Citation `clark2008using' on page D--3 undefined on input line 1
71.


LaTeX Warning: Citation `kiparsky+kiparsky:1970' on page D--3 undefined on inpu
t line 212.


LaTeX Warning: Citation `karttunen:1971' on page D--3 undefined on input line 2
12.


LaTeX Warning: Citation `nairn+condoravdi+karttunen:2006' on page D--3 undefine
d on input line 212.


LaTeX Warning: Citation `sauri:2008phd' on page D--3 undefined on input line 21
2.


LaTeX Warning: Citation `factbank:2009' on page D--3 undefined on input line 21
2.


LaTeX Warning: Citation `lotan:2012' on page D--3 undefined on input line 212.


LaTeX Warning: Citation `stern+dagan:2011' on page D--3 undefined on input line
 212.


LaTeX Warning: Citation `clark2007role' on page D--3 undefined on input line 21
2.

[3]

LaTeX Warning: Citation `pustejovsky2012natural' on page D--4 undefined on inpu
t line 229.

<matter.pdf, id=17, 369.38pt x 223.83624pt>
File: matter.pdf Graphic file (type pdf)
 <use matter.pdf>
Package pdftex.def Info: matter.pdf used on input line 233.
(pdftex.def)             Requested size: 369.37909pt x 223.8357pt.


LaTeX Warning: `h' float specifier changed to `ht'.

[4]

LaTeX Warning: Citation `hirschberg1991theory' on page D--5 undefined on input 
line 294.


LaTeX Warning: Citation `horn2000pick' on page D--5 undefined on input line 296
.

[5 <./matter.pdf>]

LaTeX Warning: Citation `bierwisch1989semantics' on page D--6 undefined on inpu
t line 301.


LaTeX Warning: Citation `hatzivassiloglou1997predicting' on page D--6 undefined
 on input line 318.


LaTeX Warning: Citation `turney2003measuring' on page D--6 undefined on input l
ine 325.


LaTeX Warning: Citation `chklovski2004verbocean' on page D--6 undefined on inpu
t line 328.


LaTeX Warning: Citation `maasmulti' on page D--6 undefined on input line 329.


LaTeX Warning: Citation `bierwisch1989semantics' on page D--6 undefined on inpu
t line 344.


LaTeX Warning: Citation `frawley1992linguistic' on page D--6 undefined on input
 line 344.


LaTeX Warning: Citation `dixon1982have' on page D--6 undefined on input line 34
4.


LaTeX Warning: Citation `sheinman2009adjscales' on page D--6 undefined on input
 line 348.

Missing character: There is no Ó in font pplr7t!
Missing character: There is no Ó in font pplr7t!
Missing character: There is no Ó in font pplr7t!
[6]

LaTeX Warning: Citation `sauri:2008phd' on page D--7 undefined on input line 45
1.


LaTeX Warning: Citation `norrick:1978' on page D--7 undefined on input line 483
.


LaTeX Warning: Citation `wilkinson:1970' on page D--7 undefined on input line 4
83.


LaTeX Warning: Citation `barker:2002' on page D--7 undefined on input line 483.



LaTeX Warning: Citation `karttunen:1971' on page D--7 undefined on input line 4
83.


LaTeX Warning: Citation `mindt:2011' on page D--7 undefined on input line 483.


LaTeX Warning: Citation `vanlinden+davidse:2009' on page D--7 undefined on inpu
t line 483.

[7]

LaTeX Warning: Citation `mathew+katz:2009' on page D--8 undefined on input line
 499.


LaTeX Warning: Citation `karttunen:2012b' on page D--8 undefined on input line 
505.

[8]

LaTeX Warning: Citation `Kamp95prototypetheory' on page D--9 undefined on input
 line 548.


LaTeX Warning: Citation `amoia2006adjective' on page D--9 undefined on input li
ne 557.

[9] [10]

LaTeX Warning: Citation `marneffe+maccartney+manning:2006' on page D--11 undefi
ned on input line 713.


LaTeX Warning: Citation `snow:08' on page D--11 undefined on input line 720.


LaTeX Warning: Citation `munroetal2010' on page D--11 undefined on input line 7
20.


LaTeX Warning: Citation `sheinman2009adjscales' on page D--11 undefined on inpu
t line 740.

[11]

LaTeX Warning: Citation `sheinmanetal2013' on page D--12 undefined on input lin
e 751.


LaTeX Warning: Citation `sheinman2009adjscales' on page D--12 undefined on inpu
t line 806.


LaTeX Warning: Citation `mathieu2010verbs' on page D--12 undefined on input lin
e 806.

[12]

LaTeX Warning: Citation `sauri:2008phd' on page D--13 undefined on input line 8
64.


LaTeX Warning: Citation `sauri-pustejovsky2012' on page D--13 undefined on inpu
t line 864.


LaTeX Warning: Citation `demarneff+manning+potts:2012' on page D--13 undefined 
on input line 864.

[13]

LaTeX Warning: Citation `clark2007role' on page D--14 undefined on input line 9
09.


LaTeX Warning: Citation `clark2008augmenting' on page D--14 undefined on input 
line 910.


LaTeX Warning: Citation `clark2008using' on page D--14 undefined on input line 
910.


LaTeX Warning: Citation `sheinmanetal2013' on page D--14 undefined on input lin
e 921.


LaTeX Warning: Citation `sheinmanetal2013' on page D--14 undefined on input lin
e 925.


LaTeX Warning: Citation `clark2007role' on page D--14 undefined on input line 9
26.

[14]
Overfull \hbox (0.24498pt too wide) in paragraph at lines 952--975
[]
 []


Underfull \hbox (badness 10000) in paragraph at lines 952--975

 []


Overfull \hbox (0.24498pt too wide) in paragraph at lines 979--1002
[]
 []


Underfull \hbox (badness 10000) in paragraph at lines 979--1002

 []

[15]
Overfull \hbox (0.24498pt too wide) in paragraph at lines 1006--1030
[]
 []


Underfull \hbox (badness 10000) in paragraph at lines 1006--1030

 []


LaTeX Warning: Citation `idesuderman09' on page D--16 undefined on input line 1
061.


LaTeX Warning: Citation `ide-bunt:2010:LAW-IV' on page D--16 undefined on input
 line 1061.


LaTeX Warning: Citation `cieri-etal' on page D--16 undefined on input line 1061
.


Overfull \hbox (1.47044pt too wide) in paragraph at lines 1058--1062
\OT1/ppl/m/n/10 James Puste-jovsky) 9/2008-8/2013; $503,620. This col-lab-o-ra-
tive ef-fort with the EU-funded FLaReNet project
 []


LaTeX Warning: Citation `verhagen-stubbs-pustejovsky:2007:LAW' on page D--16 un
defined on input line 1064.


LaTeX Warning: Citation `verhagen-EtAl:2007:SemEval-2007' on page D--16 undefin
ed on input line 1064.


LaTeX Warning: Citation `verhagen-pustejovsky:2007:Interoperability' on page D-
-16 undefined on input line 1064.

[16]

LaTeX Warning: Citation `sheinmanetal2013' on page D--17 undefined on input lin
e 1074.


LaTeX Warning: Citation `fellbaumvossen2012' on page D--17 undefined on input l
ine 1079.


LaTeX Warning: Citation `fellbaumencyclopedia' on page D--17 undefined on input
 line 1079.


LaTeX Warning: Citation `fellbaumontology2010' on page D--17 undefined on input
 line 1079.


LaTeX Warning: Citation `chiarcosinpress' on page D--17 undefined on input line
 1079.


LaTeX Warning: Citation `nikolova2012' on page D--17 undefined on input line 10
79.


LaTeX Warning: Citation `fellbaumbakerLRE' on page D--17 undefined on input lin
e 1095.


LaTeX Warning: Citation `bakerfellbaum2008' on page D--17 undefined on input li
ne 1095.


LaTeX Warning: Citation `bakerfellbaum2009' on page D--17 undefined on input li
ne 1095.


LaTeX Warning: Citation `demelo2012' on page D--17 undefined on input line 1095
.

[17]
No file proposal-2013-rev4.bbl.
(./proposal-2013-rev4.aux)

LaTeX Warning: There were undefined references.

 ) 
Here is how much of TeX's memory you used:
 2302 strings out of 493488
 32081 string characters out of 3141326
 89248 words of memory out of 3000000
 5544 multiletter control sequences out of 15000+200000
 24307 words of font info for 68 fonts, out of 3000000 for 9000
 957 hyphenation exceptions out of 8191
 42i,9n,24p,1518b,227s stack positions out of 5000i,500n,10000p,200000b,50000s
{/usr/local/texlive/2012/texmf-dist/fonts/enc/dvips/base/8r.enc}</usr/local/t
exlive/2012/texmf-dist/fonts/type1/public/amsfonts/cm/cmmi10.pfb></usr/local/te
xlive/2012/texmf-dist/fonts/type1/public/amsfonts/cm/cmmi7.pfb></usr/local/texl
ive/2012/texmf-dist/fonts/type1/public/amsfonts/cm/cmmi8.pfb></usr/local/texliv
e/2012/texmf-dist/fonts/type1/public/amsfonts/cm/cmr10.pfb></usr/local/texlive/
2012/texmf-dist/fonts/type1/public/amsfonts/cm/cmr6.pfb></usr/local/texlive/201
2/texmf-dist/fonts/type1/public/amsfonts/cm/cmr7.pfb></usr/local/texlive/2012/t
exmf-dist/fonts/type1/public/amsfonts/cm/cmsy10.pfb></usr/local/texlive/2012/te
xmf-dist/fonts/type1/public/amsfonts/cm/cmsy7.pfb></usr/local/texlive/2012/texm
f-dist/fonts/type1/public/amsfonts/symbols/msam10.pfb></usr/local/texlive/2012/
texmf-dist/fonts/type1/public/amsfonts/symbols/msbm10.pfb></usr/local/texlive/2
012/texmf-dist/fonts/type1/urw/palatino/uplb8a.pfb></usr/local/texlive/2012/tex
mf-dist/fonts/type1/urw/palatino/uplr8a.pfb></usr/local/texlive/2012/texmf-dist
/fonts/type1/urw/palatino/uplri8a.pfb>
Output written on proposal-2013-rev4.pdf (17 pages, 221801 bytes).
PDF statistics:
 152 PDF objects out of 1000 (max. 8388607)
 102 compressed objects within 2 object streams
 0 named destinations out of 1000 (max. 500000)
 6 words of extra memory for PDF output out of 10000 (max. 10000000)

